1732463451420	geckodriver	INFO	Listening on 127.0.0.1:60755
1732463454461	mozrunner::runner	INFO	Running command: "C:\\Users\\adolf\\.cache\\selenium\\firefox\\win64\\132.0.2\\firefox.exe" "--marionette" "--remote-debuggin ... 6" "--remote-allow-hosts" "localhost" "-no-remote" "-profile" "C:\\Users\\adolf\\AppData\\Local\\Temp\\rust_mozprofilewPW4I3"
console.warn: services.settings: Ignoring preference override of remote settings server
console.warn: services.settings: Allow by setting MOZ_REMOTE_SETTINGS_DEVTOOLS=1 in the environment
Dynamically enable window occlusion 0
1732463454671	Marionette	INFO	Marionette enabled
1732463454798	Marionette	INFO	Listening on port 60774
WebDriver BiDi listening on ws://127.0.0.1:60756
Read port: 60774
1732463454897	RemoteAgent	WARN	TLS certificate errors will be ignored for this session
1732463456547	Marionette	WARN	Ignoring event 'DOMContentLoaded' because document has an invalid readyState of 'complete'.
console.warn: LoginRecipes: "Falling back to a synchronous message for: https://bugbank.netlify.app."
console.warn: LoginRecipes: "Falling back to a synchronous message for: https://bugbank.netlify.app."
console.warn: LoginRecipes: "Falling back to a synchronous message for: https://bugbank.netlify.app."
console.warn: LoginRecipes: "Falling back to a synchronous message for: https://bugbank.netlify.app."
console.warn: LoginRecipes: "Falling back to a synchronous message for: https://bugbank.netlify.app."
console.warn: LoginRecipes: "Falling back to a synchronous message for: https://bugbank.netlify.app."
console.warn: LoginRecipes: "Falling back to a synchronous message for: https://bugbank.netlify.app."
1732463608234	Marionette	INFO	Stopped listening on port 60774
Dynamically enable window occlusion 1
